<?xml version="1.0" encoding="UTF-8"?>
<!-- Generated by org.testng.reporters.JUnitReportReporter -->
<testsuite hostname="DESKTOP-S91BRJI" failures="0" tests="1" name="com.example.MiniTest" time="13.963" errors="0" timestamp="2025-06-03T19:50:35 IST" skipped="0">
  <testcase classname="com.example.MiniTest" name="simpleTest" time="13.963"/>
</testsuite> <!-- com.example.MiniTest -->
