<?xml version="1.0" encoding="UTF-8"?>
<!-- Generated by org.testng.reporters.JUnitReportReporter -->
<testsuite hostname="DESKTOP-S91BRJI" failures="0" tests="1" name="com.example.AppTest" time="0.016" errors="0" timestamp="2025-06-03T19:38:07 IST" skipped="0">
  <testcase classname="com.example.AppTest" name="shouldAnswerWithTrue" time="0.016"/>
</testsuite> <!-- com.example.AppTest -->
